2016-06-28 01:07:42: 配置文件载入成功!
2016-06-28 01:07:42: 载入语言文件成功!
2016-06-28 01:07:43: 窗口关闭
2016-06-28 01:08:49: 配置文件载入成功!
2016-06-28 01:08:49: 载入语言文件成功!
2016-06-28 01:08:51: 载入语言文件成功!
2016-06-28 01:09:02: 窗口关闭
2016-06-28 01:09:21: 配置文件载入成功!
2016-06-28 01:09:21: 载入语言文件成功!
2016-06-28 01:09:22: 载入语言文件成功!
2016-06-28 01:09:30: 窗口关闭
2016-06-28 01:10:15: 配置文件载入成功!
2016-06-28 01:10:15: 载入语言文件成功!
2016-06-28 01:10:17: 载入语言文件成功!
2016-06-28 01:10:19: 窗口关闭
2016-06-28 01:20:22: 配置文件载入成功!
2016-06-28 01:20:22: 载入语言文件成功!
2016-06-28 01:20:23: 载入语言文件成功!
2016-06-28 01:20:36: 窗口关闭
2016-06-28 01:21:01: 配置文件载入成功!
2016-06-28 01:21:01: 载入语言文件成功!
2016-06-28 01:21:01: 载入语言文件成功!
2016-06-28 01:21:13: 窗口关闭
2016-06-28 01:22:43: 配置文件载入成功!
2016-06-28 01:22:43: 载入语言文件成功!
2016-06-28 01:22:43: 载入语言文件成功!
2016-06-28 01:22:43: LineWindow获取焦点
2016-06-28 01:22:46: LineWindow窗口失去焦点
2016-06-28 01:22:47: LineWindow获取焦点
2016-06-28 01:23:00: LineWindow窗口失去焦点
2016-06-28 01:23:01: 窗口关闭
2016-06-28 01:28:48: 配置文件载入成功!
2016-06-28 01:28:48: 载入语言文件成功!
2016-06-28 01:28:50: 载入语言文件成功!
2016-06-28 01:28:50: LineWindow获取焦点
2016-06-28 01:28:58: LineWindow窗口失去焦点
2016-06-28 01:28:59: 窗口关闭
2016-06-28 01:30:23: 配置文件载入成功!
2016-06-28 01:30:23: 载入语言文件成功!
2016-06-28 01:30:24: 载入语言文件成功!
2016-06-28 01:30:24: LineWindow获取焦点
2016-06-28 01:30:25: LineWindow窗口失去焦点
2016-06-28 01:30:28: LineWindow获取焦点
2016-06-28 01:30:29: LineWindow窗口失去焦点
2016-06-28 01:30:29: 窗口关闭
2016-06-28 01:30:50: 配置文件载入成功!
2016-06-28 01:30:50: 载入语言文件成功!
2016-06-28 01:30:52: 载入语言文件成功!
2016-06-28 01:30:52: LineWindow获取焦点
2016-06-28 01:30:53: LineWindow窗口失去焦点
2016-06-28 01:30:54: LineWindow获取焦点
2016-06-28 01:30:54: LineWindow窗口失去焦点
2016-06-28 01:30:55: 窗口关闭
2016-06-28 01:31:31: 配置文件载入成功!
2016-06-28 01:31:32: 载入语言文件成功!
2016-06-28 01:31:32: 载入语言文件成功!
2016-06-28 01:31:32: LineWindow获取焦点
2016-06-28 01:31:33: LineWindow窗口失去焦点
2016-06-28 01:31:35: LineWindow获取焦点
2016-06-28 01:31:35: LineWindow窗口失去焦点
2016-06-28 01:31:36: 窗口关闭
2016-06-28 01:50:25: 配置文件载入成功!
2016-06-28 01:50:25: 载入语言文件成功!
2016-06-28 01:50:26: 载入语言文件成功!
2016-06-28 01:50:26: LineWindow获取焦点
2016-06-28 01:50:27: 载入语言文件成功!
2016-06-28 01:50:27: LineWindow窗口失去焦点
2016-06-28 01:50:36: LineWindow获取焦点
2016-06-28 01:50:37: LineWindow窗口失去焦点
2016-06-28 01:50:38: 窗口关闭
2016-06-28 01:51:35: 配置文件载入成功!
2016-06-28 01:51:35: 载入语言文件成功!
2016-06-28 01:51:36: 载入语言文件成功!
2016-06-28 01:51:36: LineWindow获取焦点
2016-06-28 01:51:37: 载入语言文件成功!
2016-06-28 01:51:37: LineWindow窗口失去焦点
2016-06-28 01:51:38: LineWindow获取焦点
2016-06-28 01:51:39: LineWindow窗口失去焦点
2016-06-28 01:51:40: 窗口关闭
2016-06-28 02:13:25: 配置文件载入成功!
2016-06-28 02:13:25: 载入语言文件成功!
2016-06-28 02:13:26: 载入语言文件成功!
2016-06-28 02:13:26: LineWindow获取焦点
2016-06-28 02:13:27: 载入语言文件成功!
2016-06-28 02:13:27: LineWindow窗口失去焦点
2016-06-28 02:13:34: LineWindow获取焦点
2016-06-28 02:13:35: LineWindow窗口失去焦点
2016-06-28 02:13:36: 窗口关闭
2016-06-28 09:03:01: 配置文件载入成功!
2016-06-28 09:03:01: 载入语言文件成功!
2016-06-28 09:03:03: 城市编辑窗口被打开
2016-06-28 09:03:03: 载入语言文件成功!
2016-06-28 09:03:07: 窗口关闭
2016-06-28 09:07:44: 配置文件载入成功!
2016-06-28 09:07:44: 载入语言文件成功!
2016-06-28 09:07:46: 窗口关闭
2016-06-28 09:07:48: 配置文件载入成功!
2016-06-28 09:07:48: 载入语言文件成功!
2016-06-28 09:08:08: 窗口关闭
2016-06-28 09:12:41: 配置文件载入成功!
2016-06-28 09:12:41: 载入语言文件成功!
2016-06-28 09:12:43: 城市编辑窗口被打开
2016-06-28 09:12:43: 载入语言文件成功!
2016-06-28 09:12:43: CityWindow获取焦点
2016-06-28 09:12:45: LineWindow窗口失去焦点
2016-06-28 09:12:45: 载入语言文件成功!
2016-06-28 09:12:45: LineWindow获取焦点
2016-06-28 09:12:47: 载入语言文件成功!
2016-06-28 09:12:47: LineWindow窗口失去焦点
2016-06-28 09:12:48: CityWindow获取焦点
2016-06-28 09:12:53: LineWindow窗口失去焦点
2016-06-28 09:13:00: 载入语言文件成功!
2016-06-28 09:13:03: CityWindow获取焦点
2016-06-28 09:13:03: LineWindow窗口失去焦点
2016-06-28 09:13:03: LineWindow获取焦点
2016-06-28 09:13:04: LineWindow窗口失去焦点
2016-06-28 09:13:07: 城市编辑窗口被打开
2016-06-28 09:13:07: 载入语言文件成功!
2016-06-28 09:13:07: CityWindow获取焦点
2016-06-28 09:13:09: LineWindow窗口失去焦点
2016-06-28 09:13:11: 载入语言文件成功!
2016-06-28 09:13:21: 载入语言文件成功!
2016-06-28 09:13:23: 载入语言文件成功!
2016-06-28 09:13:26: 窗口关闭
2016-06-28 09:31:25: 配置文件载入成功!
2016-06-28 09:31:25: 载入语言文件成功!
2016-06-28 09:31:37: 载入语言文件成功!
2016-06-28 09:31:45: 窗口关闭
2016-06-28 10:13:41: 配置文件载入成功!
2016-06-28 10:13:42: LineWindow获取焦点
2016-06-28 10:13:44: LineWindow窗口失去焦点
2016-06-28 10:13:45: LineWindow获取焦点
2016-06-28 10:13:47: LineWindow窗口失去焦点
2016-06-28 10:16:00: LineWindow获取焦点
2016-06-28 10:16:01: LineWindow窗口失去焦点
2016-06-28 10:16:02: 窗口关闭
2016-06-28 10:52:14: 配置文件载入成功!
2016-06-28 10:52:39: 城市编辑窗口被打开
2016-06-28 10:52:39: CityWindow获取焦点
2016-06-28 10:52:44: LineWindow窗口失去焦点
2016-06-28 10:53:42: 窗口关闭
2016-06-28 06:42:51: java.io.FileInputStream@496794a7
2016-06-28 06:42:51: 配置文件载入成功!
2016-06-28 06:42:56: 窗口关闭
2016-06-28 06:43:26: file:/I:/workspace/java/TrafficPlanning/bin/cn/yanweijia/dao/
2016-06-28 06:43:26: 配置文件载入成功!
2016-06-28 06:51:08: 窗口关闭
2016-06-28 08:10:58: 配置文件载入成功!
2016-06-28 08:11:17: 城市编辑窗口被打开
2016-06-28 08:11:17: CityWindow获取焦点
2016-06-28 08:11:20: LineWindow窗口失去焦点
2016-06-28 08:11:21: LineWindow获取焦点
2016-06-28 08:11:23: LineWindow窗口失去焦点
2016-06-28 08:11:44: LineWindow获取焦点
2016-06-28 08:11:44: LineWindow窗口失去焦点
2016-06-28 08:11:44: CityWindow获取焦点
2016-06-28 08:11:44: LineWindow窗口失去焦点
2016-06-28 08:11:47: 语言被修改为:中文-简体
2016-06-28 08:11:48: 城市编辑窗口被打开
2016-06-28 08:11:48: CityWindow获取焦点
2016-06-28 08:11:49: LineWindow窗口失去焦点
2016-06-28 08:11:49: LineWindow获取焦点
2016-06-28 08:11:52: LineWindow窗口失去焦点
2016-06-28 08:12:34: 窗口关闭
2016-06-28 11:54:12: 配置文件载入成功!
2016-06-28 11:54:13: 窗口关闭
2016-06-28 23:54:37: 配置文件载入成功!
2016-06-28 23:54:41: 窗口关闭
[2016-06-28 23:54:55]: 配置文件载入成功!
[2016-06-28 23:54:57]: 窗口关闭
[2016-06-29 17:49:54]: 配置文件载入成功!
[2016-06-29 17:49:56]: 城市编辑窗口被打开
[2016-06-29 17:49:56]: CityWindow获取焦点
[2016-06-29 17:50:07]: LineWindow窗口失去焦点
[2016-06-29 17:50:11]: CityWindow获取焦点
[2016-06-29 17:50:13]: LineWindow窗口失去焦点
[2016-06-29 17:50:14]: CityWindow获取焦点
[2016-06-29 17:50:18]: LineWindow窗口失去焦点
[2016-06-29 17:50:22]: 城市编辑窗口被打开
[2016-06-29 17:50:22]: CityWindow获取焦点
[2016-06-29 17:50:24]: LineWindow窗口失去焦点
[2016-06-29 17:50:25]: CityWindow获取焦点
[2016-06-29 17:50:26]: LineWindow窗口失去焦点
[2016-06-29 17:50:26]: CityWindow获取焦点
[2016-06-29 17:50:27]: LineWindow窗口失去焦点
[2016-06-29 17:50:28]: 窗口关闭
[2016-06-29 17:51:02]: 配置文件载入成功!
[2016-06-29 17:51:03]: 城市编辑窗口被打开
[2016-06-29 17:51:03]: CityWindow获取焦点
[2016-06-29 17:51:04]: 拉取城市数据信息成功!
[2016-06-29 17:51:07]: LineWindow窗口失去焦点
[2016-06-29 17:51:08]: 窗口关闭
[2016-06-29 17:52:23]: 配置文件载入成功!
[2016-06-29 17:52:24]: 窗口关闭
[2016-06-29 17:52:38]: 配置文件载入成功!
[2016-06-29 17:53:09]: 城市编辑窗口被打开
[2016-06-29 17:53:09]: CityWindow获取焦点
[2016-06-29 17:53:09]: 拉取城市数据信息成功!
[2016-06-29 17:53:13]: LineWindow窗口失去焦点
[2016-06-29 17:53:14]: CityWindow获取焦点
[2016-06-29 17:53:14]: 拉取城市数据信息成功!
[2016-06-29 17:53:14]: LineWindow窗口失去焦点
[2016-06-29 17:55:53]: 配置文件载入成功!
[2016-06-29 17:55:54]: 城市编辑窗口被打开
[2016-06-29 17:55:54]: CityWindow获取焦点
[2016-06-29 17:55:54]: 拉取城市数据信息成功!
[2016-06-29 17:55:57]: LineWindow窗口失去焦点
[2016-06-29 17:55:58]: LineWindow获取焦点
[2016-06-29 17:55:59]: LineWindow窗口失去焦点
[2016-06-29 17:56:00]: 窗口关闭
[2016-06-29 17:56:39]: 配置文件载入成功!
[2016-06-29 17:56:40]: 城市编辑窗口被打开
[2016-06-29 17:56:40]: CityWindow获取焦点
[2016-06-29 17:56:41]: 拉取城市数据信息成功!
[2016-06-29 17:56:46]: LineWindow窗口失去焦点
[2016-06-29 17:56:47]: 窗口关闭
[2016-06-29 17:57:38]: 配置文件载入成功!
[2016-06-29 17:57:39]: 城市编辑窗口被打开
[2016-06-29 17:58:18]: 配置文件载入成功!
[2016-06-29 17:58:19]: 城市编辑窗口被打开
[2016-06-29 17:58:19]: CityWindow获取焦点
[2016-06-29 17:58:19]: 拉取城市数据信息成功!
[2016-06-29 17:58:21]: LineWindow窗口失去焦点
[2016-06-29 17:58:24]: 窗口关闭
[2016-06-29 17:58:40]: 配置文件载入成功!
[2016-06-29 17:58:41]: 城市编辑窗口被打开
[2016-06-29 17:58:41]: CityWindow获取焦点
[2016-06-29 17:58:41]: 拉取城市数据信息成功!
[2016-06-29 17:58:42]: LineWindow窗口失去焦点
[2016-06-29 17:58:43]: 窗口关闭
[2016-06-29 18:00:47]: 配置文件载入成功!
[2016-06-29 18:00:49]: 城市编辑窗口被打开
[2016-06-29 18:00:49]: CityWindow获取焦点
[2016-06-29 18:00:49]: 拉取城市数据信息成功!
[2016-06-29 18:00:50]: LineWindow窗口失去焦点
[2016-06-29 18:00:59]: CityWindow获取焦点
[2016-06-29 18:00:59]: 拉取城市数据信息成功!
[2016-06-29 18:01:31]: LineWindow窗口失去焦点
[2016-06-29 18:05:51]: 配置文件载入成功!
[2016-06-29 18:05:52]: 城市编辑窗口被打开
[2016-06-29 18:05:52]: CityWindow获取焦点
[2016-06-29 18:05:52]: 拉取城市数据信息成功!
[2016-06-29 18:06:27]: LineWindow窗口失去焦点
[2016-06-29 18:06:28]: 窗口关闭
[2016-06-29 18:07:58]: 配置文件载入成功!
[2016-06-29 18:07:59]: 城市编辑窗口被打开
[2016-06-29 18:07:59]: CityWindow获取焦点
[2016-06-29 18:07:59]: 拉取城市数据信息成功!
[2016-06-29 18:08:30]: LineWindow窗口失去焦点
[2016-06-29 18:08:32]: 窗口关闭
[2016-06-29 18:08:54]: 配置文件载入成功!
[2016-06-29 18:08:56]: 窗口关闭
[2016-06-29 18:09:14]: 配置文件载入成功!
[2016-06-29 18:09:14]: 城市编辑窗口被打开
[2016-06-29 18:09:14]: CityWindow获取焦点
[2016-06-29 18:09:15]: 拉取城市数据信息成功!
[2016-06-29 18:09:26]: LineWindow窗口失去焦点
[2016-06-29 18:09:27]: 窗口关闭
[2016-06-29 18:24:06]: 城市编辑窗口被打开
[2016-06-29 18:24:06]: CityWindow获取焦点
[2016-06-29 18:24:06]: 拉取城市数据信息成功!
[2016-06-29 18:24:09]: LineWindow窗口失去焦点
[2016-06-29 18:24:10]: CityWindow获取焦点
[2016-06-29 18:24:10]: 拉取城市数据信息成功!
[2016-06-29 18:24:10]: LineWindow窗口失去焦点
[2016-06-29 18:24:11]: 窗口关闭
[2016-06-29 18:24:16]: 配置文件载入成功!
[2016-06-29 18:24:17]: 城市编辑窗口被打开
[2016-06-29 18:24:17]: CityWindow获取焦点
[2016-06-29 18:24:17]: 拉取城市数据信息成功!
[2016-06-29 18:24:23]: LineWindow窗口失去焦点
[2016-06-29 18:24:34]: 配置文件载入成功!
[2016-06-29 18:24:35]: 城市编辑窗口被打开
[2016-06-29 18:24:35]: CityWindow获取焦点
[2016-06-29 18:24:35]: 拉取城市数据信息成功!
[2016-06-29 18:24:59]: LineWindow窗口失去焦点
[2016-06-29 18:25:00]: 窗口关闭
[2016-06-29 18:25:08]: 配置文件载入成功!
[2016-06-29 18:25:09]: 城市编辑窗口被打开
[2016-06-29 18:25:09]: CityWindow获取焦点
[2016-06-29 18:25:09]: 拉取城市数据信息成功!
[2016-06-29 18:25:12]: LineWindow窗口失去焦点
[2016-06-29 18:25:13]: 窗口关闭
[2016-06-29 18:25:27]: 配置文件载入成功!
[2016-06-29 18:25:28]: 城市编辑窗口被打开
[2016-06-29 18:25:28]: CityWindow获取焦点
[2016-06-29 18:25:28]: 拉取城市数据信息成功!
[2016-06-29 18:25:33]: LineWindow窗口失去焦点
[2016-06-29 18:25:34]: 窗口关闭
[2016-06-29 18:30:58]: 配置文件载入成功!
[2016-06-29 18:30:59]: 城市编辑窗口被打开
[2016-06-29 18:30:59]: CityWindow获取焦点
[2016-06-29 18:31:00]: 拉取城市数据信息成功!
[2016-06-29 18:31:26]: LineWindow窗口失去焦点
[2016-06-29 18:31:28]: 窗口关闭
[2016-06-29 18:32:10]: 配置文件载入成功!
[2016-06-29 18:32:12]: 城市编辑窗口被打开
[2016-06-29 18:32:12]: CityWindow获取焦点
[2016-06-29 18:32:12]: 拉取城市数据信息成功!
[2016-06-29 18:32:28]: LineWindow窗口失去焦点
[2016-06-29 18:32:29]: 窗口关闭
[2016-06-29 18:33:03]: 配置文件载入成功!
[2016-06-29 18:33:04]: 城市编辑窗口被打开
[2016-06-29 18:33:04]: CityWindow获取焦点
[2016-06-29 18:33:05]: 拉取城市数据信息成功!
[2016-06-29 18:33:11]: LineWindow窗口失去焦点
[2016-06-29 18:33:13]: 窗口关闭
[2016-06-29 18:34:04]: 配置文件载入成功!
[2016-06-29 18:34:05]: 城市编辑窗口被打开
[2016-06-29 18:34:05]: CityWindow获取焦点
[2016-06-29 18:34:05]: 拉取城市数据信息成功!
[2016-06-29 18:34:22]: LineWindow窗口失去焦点
[2016-06-29 18:34:24]: 窗口关闭
[2016-06-29 18:34:56]: 配置文件载入成功!
[2016-06-29 18:34:57]: 城市编辑窗口被打开
[2016-06-29 18:34:57]: CityWindow获取焦点
[2016-06-29 18:34:57]: 拉取城市数据信息成功!
[2016-06-29 18:34:59]: LineWindow窗口失去焦点
[2016-06-29 18:35:02]: 窗口关闭
[2016-06-29 18:35:04]: 窗口关闭
[2016-06-29 18:35:58]: 配置文件载入成功!
[2016-06-29 18:36:03]: 城市编辑窗口被打开
[2016-06-29 18:36:03]: CityWindow获取焦点
[2016-06-29 18:36:04]: 拉取城市数据信息成功!
[2016-06-29 18:36:12]: LineWindow窗口失去焦点
[2016-06-29 18:36:14]: 窗口关闭
[2016-06-29 18:36:49]: 配置文件载入成功!
[2016-06-29 18:36:50]: 城市编辑窗口被打开
[2016-06-29 18:36:50]: CityWindow获取焦点
[2016-06-29 18:36:50]: 拉取城市数据信息成功!
[2016-06-29 18:36:55]: LineWindow窗口失去焦点
[2016-06-29 18:36:56]: 窗口关闭
[2016-06-29 20:51:29]: 配置文件载入成功!
[2016-06-29 20:51:30]: 城市编辑窗口被打开
[2016-06-29 20:51:30]: CityWindow获取焦点
[2016-06-29 20:51:31]: 拉取城市数据信息成功!
[2016-06-29 20:51:35]: 数据库删除指定城市失败,城市ID:21,详细信息:Cannot delete or update a parent row: a foreign key constraint fails (`trafficplanning`.`line_train`, CONSTRAINT `line_train_ibfk_1` FOREIGN KEY (`line_from`) REFERENCES `city` (`city_id`))
[2016-06-29 20:51:35]: LineWindow窗口失去焦点
[2016-06-29 20:51:37]: CityWindow获取焦点
[2016-06-29 20:51:37]: 拉取城市数据信息成功!
[2016-06-29 20:51:49]: LineWindow窗口失去焦点
[2016-06-29 20:51:49]: 窗口关闭
[2016-06-29 20:53:50]: 配置文件载入成功!
[2016-06-29 20:53:54]: 城市编辑窗口被打开
[2016-06-29 20:53:54]: CityWindow获取焦点
[2016-06-29 20:53:54]: 拉取城市数据信息成功!
[2016-06-29 20:53:59]: LineWindow窗口失去焦点
[2016-06-29 20:54:01]: CityWindow获取焦点
[2016-06-29 20:54:01]: 拉取城市数据信息成功!
[2016-06-29 20:54:12]: LineWindow窗口失去焦点
[2016-06-29 20:54:13]: 城市编辑窗口被打开
[2016-06-29 20:54:13]: CityWindow获取焦点
[2016-06-29 20:54:13]: 拉取城市数据信息成功!
[2016-06-29 20:54:18]: LineWindow窗口失去焦点
[2016-06-29 20:54:19]: CityWindow获取焦点
[2016-06-29 20:54:19]: 拉取城市数据信息成功!
[2016-06-29 20:54:31]: LineWindow窗口失去焦点
[2016-06-29 20:54:32]: 窗口关闭
[2016-06-29 20:57:50]: 配置文件载入成功!
[2016-06-29 20:57:51]: 城市编辑窗口被打开
[2016-06-29 20:57:51]: CityWindow获取焦点
[2016-06-29 20:57:52]: LineWindow窗口失去焦点
[2016-06-29 20:57:53]: 窗口关闭
[2016-06-29 20:58:02]: 配置文件载入成功!
[2016-06-29 20:58:03]: 城市编辑窗口被打开
[2016-06-29 20:58:03]: CityWindow获取焦点
[2016-06-29 20:58:03]: 拉取城市数据信息成功!
[2016-06-29 20:58:03]: LineWindow窗口失去焦点
[2016-06-29 20:58:04]: CityWindow获取焦点
[2016-06-29 20:58:04]: 拉取城市数据信息成功!
[2016-06-29 20:58:07]: LineWindow窗口失去焦点
[2016-06-29 20:58:08]: 城市编辑窗口被打开
[2016-06-29 20:58:08]: CityWindow获取焦点
[2016-06-29 20:58:08]: 拉取城市数据信息成功!
[2016-06-29 20:58:27]: LineWindow窗口失去焦点
[2016-06-29 20:58:30]: CityWindow获取焦点
[2016-06-29 20:58:30]: 拉取城市数据信息成功!
[2016-06-29 20:58:36]: LineWindow窗口失去焦点
[2016-06-29 20:58:38]: LineWindow获取焦点
[2016-06-29 20:58:39]: LineWindow窗口失去焦点
[2016-06-29 20:58:40]: 窗口关闭
[2016-06-29 20:59:07]: 配置文件载入成功!
[2016-06-29 20:59:08]: 城市编辑窗口被打开
[2016-06-29 20:59:08]: CityWindow获取焦点
[2016-06-29 20:59:08]: 拉取城市数据信息成功!
[2016-06-29 20:59:09]: LineWindow窗口失去焦点
[2016-06-29 20:59:10]: CityWindow获取焦点
[2016-06-29 20:59:10]: 拉取城市数据信息成功!
[2016-06-29 20:59:12]: LineWindow窗口失去焦点
[2016-06-29 20:59:13]: 窗口关闭
[2016-06-29 20:59:35]: 配置文件载入成功!
[2016-06-29 20:59:36]: 城市编辑窗口被打开
[2016-06-29 20:59:36]: CityWindow获取焦点
[2016-06-29 20:59:36]: 拉取城市数据信息成功!
[2016-06-29 20:59:46]: LineWindow窗口失去焦点
[2016-06-29 20:59:57]: 城市编辑窗口被打开
[2016-06-29 20:59:57]: CityWindow获取焦点
[2016-06-29 20:59:57]: 拉取城市数据信息成功!
[2016-06-29 20:59:58]: LineWindow窗口失去焦点
[2016-06-29 20:59:58]: CityWindow获取焦点
[2016-06-29 20:59:58]: 拉取城市数据信息成功!
[2016-06-29 21:00:01]: LineWindow窗口失去焦点
[2016-06-29 21:00:37]: 配置文件载入成功!
[2016-06-29 21:00:38]: 城市编辑窗口被打开
[2016-06-29 21:00:38]: CityWindow获取焦点
[2016-06-29 21:00:38]: 拉取城市数据信息成功!
[2016-06-29 21:00:40]: LineWindow窗口失去焦点
[2016-06-29 21:00:40]: CityWindow获取焦点
[2016-06-29 21:00:40]: 拉取城市数据信息成功!
[2016-06-29 21:00:42]: LineWindow窗口失去焦点
[2016-06-29 21:00:43]: 窗口关闭
[2016-06-29 21:00:44]: 窗口关闭
[2016-06-29 21:07:02]: 配置文件载入成功!
[2016-06-29 21:07:03]: 城市编辑窗口被打开
[2016-06-29 21:07:03]: CityWindow获取焦点
[2016-06-29 21:07:04]: 拉取城市数据信息成功!
[2016-06-29 21:07:04]: LineWindow窗口失去焦点
[2016-06-29 21:07:05]: CityWindow获取焦点
[2016-06-29 21:07:05]: 拉取城市数据信息成功!
[2016-06-29 21:07:27]: LineWindow窗口失去焦点
[2016-06-29 21:07:30]: 窗口关闭
[2016-06-29 21:09:24]: 配置文件载入成功!
[2016-06-29 21:09:25]: 城市编辑窗口被打开
[2016-06-29 21:09:25]: CityWindow获取焦点
[2016-06-29 21:09:25]: 拉取城市数据信息成功!
[2016-06-29 21:09:26]: LineWindow窗口失去焦点
[2016-06-29 21:09:33]: 窗口关闭
[2016-06-29 21:22:24]: 配置文件载入成功!
[2016-06-29 21:22:24]: 城市编辑窗口被打开
[2016-06-29 21:22:24]: CityWindow获取焦点
[2016-06-29 21:22:25]: 拉取城市数据信息成功!
[2016-06-29 21:22:26]: LineWindow窗口失去焦点
[2016-06-29 21:22:51]: 城市编辑窗口被打开
[2016-06-29 21:22:51]: CityWindow获取焦点
[2016-06-29 21:22:51]: 拉取城市数据信息成功!
[2016-06-29 21:22:54]: LineWindow窗口失去焦点
[2016-06-29 21:22:56]: CityWindow获取焦点
[2016-06-29 21:22:56]: 拉取城市数据信息成功!
[2016-06-29 21:22:59]: LineWindow窗口失去焦点
[2016-06-29 21:23:01]: 窗口关闭
[2016-06-29 21:26:23]: 配置文件载入成功!
[2016-06-29 21:26:24]: LineWindow获取焦点
[2016-06-29 21:26:26]: LineWindow窗口失去焦点
[2016-06-29 21:26:26]: 窗口关闭
[2016-06-29 21:55:34]: 配置文件载入成功!
[2016-06-29 21:55:36]: LineWindow获取焦点
[2016-06-29 21:55:36]: 数据库查询Line失败:For input string: "47:00"
[2016-06-29 21:55:36]: 拉取线路数据成功
[2016-06-29 21:55:49]: LineWindow窗口失去焦点
[2016-06-29 21:55:50]: 窗口关闭
[2016-06-29 21:59:29]: 配置文件载入成功!
[2016-06-29 21:59:31]: LineWindow获取焦点
[2016-06-29 21:59:31]: 拉取线路数据成功
[2016-06-29 21:59:46]: LineWindow窗口失去焦点
[2016-06-29 21:59:47]: 窗口关闭
[2016-06-29 22:00:13]: 配置文件载入成功!
[2016-06-29 22:00:14]: LineWindow获取焦点
[2016-06-29 22:00:14]: 拉取线路数据成功
[2016-06-29 22:00:20]: LineWindow窗口失去焦点
[2016-06-29 22:00:21]: LineWindow获取焦点
[2016-06-29 22:00:21]: 拉取线路数据成功
[2016-06-29 22:00:21]: LineWindow窗口失去焦点
[2016-06-29 22:00:21]: LineWindow获取焦点
[2016-06-29 22:00:21]: 拉取线路数据成功
[2016-06-29 22:00:33]: LineWindow窗口失去焦点
[2016-06-29 22:00:34]: LineWindow获取焦点
[2016-06-29 22:00:34]: 拉取线路数据成功
[2016-06-29 22:00:37]: LineWindow窗口失去焦点
[2016-06-29 22:00:38]: LineWindow获取焦点
[2016-06-29 22:00:38]: 拉取线路数据成功
[2016-06-29 22:00:54]: LineWindow窗口失去焦点
[2016-06-29 22:00:55]: 窗口关闭
[2016-06-29 22:32:16]: 配置文件载入成功!
[2016-06-29 22:32:24]: 窗口关闭
[2016-06-29 22:32:31]: 配置文件载入成功!
[2016-06-29 22:32:36]: 窗口关闭
[2016-06-29 22:34:29]: 配置文件载入成功!
[2016-06-29 22:34:31]: 窗口关闭
[2016-06-29 22:35:04]: 配置文件载入成功!
[2016-06-29 22:35:10]: 窗口关闭
[2016-06-29 22:36:30]: 配置文件载入成功!
[2016-06-29 22:36:34]: LineWindow获取焦点
[2016-06-29 22:36:34]: 拉取线路数据成功
[2016-06-29 22:36:36]: LineWindow窗口失去焦点
[2016-06-29 22:36:38]: LineWindow获取焦点
[2016-06-29 22:36:38]: 拉取线路数据成功
[2016-06-29 22:36:40]: LineWindow窗口失去焦点
[2016-06-29 22:36:41]: 窗口关闭
[2016-06-29 22:45:59]: 配置文件载入成功!
[2016-06-29 22:46:01]: LineWindow获取焦点
[2016-06-29 22:46:01]: 拉取线路数据成功
[2016-06-29 22:46:02]: LineWindow窗口失去焦点
[2016-06-29 22:46:15]: 窗口关闭
[2016-06-29 22:49:36]: 配置文件载入成功!
[2016-06-29 22:49:37]: LineWindow获取焦点
[2016-06-29 22:49:37]: 拉取线路数据成功
[2016-06-29 22:49:38]: LineWindow窗口失去焦点
[2016-06-29 22:49:44]: 城市编辑窗口被打开
[2016-06-29 22:49:44]: CityWindow获取焦点
[2016-06-29 22:49:44]: 拉取城市数据信息成功!
[2016-06-29 22:49:46]: LineWindow窗口失去焦点
[2016-06-29 22:49:47]: LineWindow获取焦点
[2016-06-29 22:49:47]: 拉取线路数据成功
[2016-06-29 22:49:51]: LineWindow窗口失去焦点
[2016-06-29 22:49:52]: 窗口关闭
[2016-06-29 22:58:32]: 配置文件载入成功!
[2016-06-29 22:58:33]: 拉取线路数据成功
[2016-06-29 22:58:33]: LineWindow获取焦点
[2016-06-29 22:58:33]: 拉取线路数据成功
[2016-06-29 22:58:35]: 拉取线路数据成功
[2016-06-29 22:58:44]: 拉取线路数据成功
[2016-06-29 22:58:45]: 拉取线路数据成功
[2016-06-29 22:58:50]: LineWindow窗口失去焦点
[2016-06-29 22:58:51]: 窗口关闭
[2016-06-29 23:00:21]: 配置文件载入成功!
[2016-06-29 23:00:22]: 拉取线路数据成功
[2016-06-29 23:00:22]: LineWindow获取焦点
[2016-06-29 23:00:22]: 拉取线路数据成功
[2016-06-29 23:00:24]: 拉取线路数据成功
[2016-06-29 23:00:35]: 拉取线路数据成功
[2016-06-29 23:00:43]: LineWindow窗口失去焦点
[2016-06-29 23:00:44]: 窗口关闭
[2016-06-29 23:09:54]: 配置文件载入成功!
[2016-06-29 23:10:41]: 拉取线路数据成功
[2016-06-29 23:10:41]: LineWindow获取焦点
[2016-06-29 23:10:41]: 拉取线路数据成功
[2016-06-29 23:10:45]: 拉取线路数据成功
[2016-06-29 23:10:54]: LineWindow窗口失去焦点
[2016-06-29 23:10:57]: 窗口关闭
[2016-06-29 23:14:14]: 配置文件载入成功!
[2016-06-29 23:14:15]: 城市编辑窗口被打开
[2016-06-29 23:14:15]: CityWindow获取焦点
[2016-06-29 23:14:16]: 拉取城市数据信息成功!
[2016-06-29 23:14:17]: LineWindow窗口失去焦点
[2016-06-29 23:14:18]: CityWindow获取焦点
[2016-06-29 23:14:18]: 拉取城市数据信息成功!
[2016-06-29 23:14:20]: LineWindow窗口失去焦点
[2016-06-29 23:14:21]: 拉取线路数据成功
[2016-06-29 23:14:21]: LineWindow获取焦点
[2016-06-29 23:14:21]: 拉取线路数据成功
[2016-06-29 23:14:23]: 拉取线路数据成功
[2016-06-29 23:14:24]: 拉取线路数据成功
[2016-06-29 23:14:28]: 拉取线路数据成功
[2016-06-29 23:14:35]: LineWindow窗口失去焦点
[2016-06-29 23:14:37]: 窗口关闭
[2016-06-30 00:05:06]: 配置文件载入成功!
[2016-06-30 00:05:08]: 拉取线路数据成功
[2016-06-30 00:05:08]: LineWindow获取焦点
[2016-06-30 00:05:08]: 拉取线路数据成功
[2016-06-30 00:05:09]: LineWindow窗口失去焦点
[2016-06-30 00:05:11]: LineWindow获取焦点
[2016-06-30 00:05:11]: 拉取线路数据成功
[2016-06-30 00:05:12]: LineWindow窗口失去焦点
[2016-06-30 00:05:13]: 窗口关闭
[2016-06-30 00:28:00]: 配置文件载入成功!
[2016-06-30 00:28:04]: 拉取线路数据成功
[2016-06-30 00:28:04]: LineWindow获取焦点
[2016-06-30 00:28:04]: 拉取线路数据成功
[2016-06-30 00:28:05]: LineWindow窗口失去焦点
[2016-06-30 00:28:08]: LineWindow获取焦点
[2016-06-30 00:28:08]: 拉取线路数据成功
[2016-06-30 00:28:09]: LineWindow窗口失去焦点
[2016-06-30 00:28:10]: 窗口关闭
[2016-06-30 00:29:33]: 配置文件载入成功!
[2016-06-30 00:29:34]: 拉取线路数据成功
[2016-06-30 00:29:34]: LineWindow获取焦点
[2016-06-30 00:29:34]: 拉取线路数据成功
[2016-06-30 00:29:35]: LineWindow窗口失去焦点
[2016-06-30 00:29:38]: 窗口关闭
[2016-06-30 00:30:53]: 配置文件载入成功!
[2016-06-30 00:30:55]: 拉取线路数据成功
[2016-06-30 00:30:55]: LineWindow获取焦点
[2016-06-30 00:30:55]: 拉取线路数据成功
[2016-06-30 00:30:55]: LineWindow窗口失去焦点
[2016-06-30 00:30:57]: 窗口关闭
[2016-06-30 00:34:17]: 配置文件载入成功!
[2016-06-30 00:34:18]: 拉取线路数据成功
[2016-06-30 00:34:18]: LineWindow获取焦点
[2016-06-30 00:34:18]: 拉取线路数据成功
[2016-06-30 00:34:19]: LineWindow窗口失去焦点
[2016-06-30 00:34:35]: LineWindow获取焦点
[2016-06-30 00:34:35]: 拉取线路数据成功
[2016-06-30 00:34:35]: LineWindow窗口失去焦点
[2016-06-30 00:34:36]: 窗口关闭
[2016-06-30 00:39:36]: 配置文件载入成功!
[2016-06-30 00:39:37]: 拉取线路数据成功
[2016-06-30 00:39:37]: LineWindow获取焦点
[2016-06-30 00:39:37]: 拉取线路数据成功
[2016-06-30 00:39:38]: LineWindow窗口失去焦点
[2016-06-30 00:39:41]: LineWindow获取焦点
[2016-06-30 00:39:41]: 拉取线路数据成功
[2016-06-30 00:39:42]: LineWindow窗口失去焦点
[2016-06-30 00:39:44]: 窗口关闭
[2016-06-30 00:39:59]: 配置文件载入成功!
[2016-06-30 00:40:00]: 拉取线路数据成功
[2016-06-30 00:40:00]: LineWindow获取焦点
[2016-06-30 00:40:00]: 拉取线路数据成功
[2016-06-30 00:40:03]: LineWindow窗口失去焦点
[2016-06-30 00:40:04]: 窗口关闭
[2016-06-30 00:42:46]: 配置文件载入成功!
[2016-06-30 00:43:05]: 窗口关闭
[2016-06-30 00:52:15]: 配置文件载入成功!
[2016-06-30 00:52:23]: 窗口关闭
[2016-06-30 14:40:26]: 配置文件载入成功!
[2016-06-30 14:40:42]: 窗口关闭
[2016-06-30 14:50:25]: 配置文件载入成功!
[2016-06-30 14:50:27]: 窗口关闭
[2016-06-30 18:05:40]: 配置文件载入成功!
[2016-06-30 18:05:46]: 语言被修改为:中文-简体
[2016-06-30 18:05:57]: 窗口关闭
[2016-06-30 18:07:33]: 配置文件载入成功!
[2016-06-30 18:07:39]: 语言被修改为:English-US
[2016-06-30 18:07:49]: 窗口关闭
[2016-06-30 18:07:56]: 配置文件载入成功!
[2016-06-30 18:08:03]: 语言被修改为:中文-简体
[2016-06-30 18:08:11]: 窗口关闭
[2016-06-30 18:10:50]: 配置文件载入成功!
[2016-06-30 18:10:53]: 窗口关闭
[2016-06-30 18:12:45]: 配置文件载入成功!
[2016-06-30 18:13:16]: 配置文件载入成功!
[2016-06-30 18:13:30]: 窗口关闭
[2016-06-30 18:14:46]: 配置文件载入成功!
[2016-06-30 18:14:48]: 窗口关闭
[2016-06-30 18:15:50]: 配置文件载入成功!
[2016-06-30 18:16:04]: 窗口关闭
[2016-06-30 18:23:29]: 配置文件载入成功!
[2016-06-30 18:24:09]: 配置文件载入成功!
[2016-06-30 18:26:32]: 窗口关闭
[2016-06-30 18:26:45]: 配置文件载入成功!
[2016-06-30 18:26:56]: 配置文件载入成功!
[2016-06-30 18:28:11]: 配置文件载入成功!
[2016-06-30 18:29:11]: 配置文件载入成功!
[2016-06-30 18:31:08]: 配置文件载入成功!
[2016-06-30 18:31:42]: 配置文件载入成功!
[2016-06-30 18:33:15]: 配置文件载入成功!
[2016-06-30 18:33:16]: 查询成功!
[2016-06-30 18:33:43]: 查询成功!
[2016-06-30 18:33:51]: 查询成功!
[2016-06-30 18:34:10]: 查询成功!
[2016-06-30 18:34:55]: 窗口关闭
[2016-06-30 18:39:10]: 配置文件载入成功!
[2016-06-30 18:39:12]: 查询成功!
[2016-06-30 18:39:17]: 查询成功!
[2016-06-30 18:39:34]: 窗口关闭
[2016-06-30 18:39:59]: 配置文件载入成功!
[2016-06-30 18:40:09]: 窗口关闭
[2016-06-30 18:44:14]: 配置文件载入成功!
[2016-06-30 18:44:16]: 查询成功!
[2016-06-30 18:44:21]: 窗口关闭
[2016-06-30 21:51:04]: 配置文件载入成功!
[2016-06-30 21:51:19]: 窗口关闭
[2016-06-30 21:53:28]: 配置文件载入成功!
[2016-06-30 21:53:33]: 查询成功!
[2016-06-30 21:53:44]: 窗口关闭
[2016-06-30 21:56:25]: 配置文件载入成功!
[2016-06-30 21:56:30]: 查询成功!
[2016-06-30 21:56:35]: 查询成功!
[2016-06-30 21:56:37]: 查询成功!
[2016-06-30 21:56:39]: 查询成功!
[2016-06-30 21:56:41]: 查询成功!
[2016-06-30 21:56:44]: 查询成功!
[2016-06-30 21:56:54]: 窗口关闭
[2016-06-30 22:36:51]: 配置文件载入成功!
[2016-06-30 22:36:53]: 查询成功!
[2016-06-30 22:36:58]: 窗口关闭
[2016-06-30 22:37:35]: 配置文件载入成功!
[2016-06-30 22:37:39]: 查询成功!
[2016-06-30 22:37:43]: 窗口关闭
[2016-06-30 22:38:15]: 配置文件载入成功!
[2016-06-30 22:38:17]: 窗口关闭
[2016-06-30 22:38:56]: 配置文件载入成功!
[2016-06-30 22:39:00]: 查询成功!
[2016-06-30 22:39:01]: 拉取线路数据成功
[2016-06-30 22:39:01]: LineWindow获取焦点
[2016-06-30 22:39:01]: 拉取线路数据成功
[2016-06-30 22:39:06]: LineWindow窗口失去焦点
[2016-06-30 22:39:07]: LineWindow获取焦点
[2016-06-30 22:39:07]: 拉取线路数据成功
[2016-06-30 22:39:10]: LineWindow窗口失去焦点
[2016-06-30 22:40:18]: 配置文件载入成功!
[2016-06-30 22:40:19]: 拉取线路数据成功
[2016-06-30 22:40:19]: LineWindow获取焦点
[2016-06-30 22:40:19]: 拉取线路数据成功
[2016-06-30 22:40:20]: LineWindow窗口失去焦点
[2016-06-30 22:40:40]: 数据库增加火车线路出错Duplicate entry 'C1111' for key 'PRIMARY'
[2016-06-30 22:41:19]: LineWindow获取焦点
[2016-06-30 22:41:19]: 拉取线路数据成功
[2016-06-30 22:41:29]: LineWindow窗口失去焦点
[2016-06-30 22:41:29]: LineWindow获取焦点
[2016-06-30 22:41:29]: 拉取线路数据成功
[2016-06-30 22:41:36]: LineWindow窗口失去焦点
[2016-06-30 22:42:05]: LineWindow获取焦点
[2016-06-30 22:42:05]: 拉取线路数据成功
[2016-06-30 22:42:07]: LineWindow窗口失去焦点
[2016-06-30 22:42:13]: 查询成功!
[2016-06-30 22:42:18]: 城市编辑窗口被打开
[2016-06-30 22:42:18]: CityWindow获取焦点
[2016-06-30 22:42:18]: 拉取城市数据信息成功!
[2016-06-30 22:42:21]: LineWindow窗口失去焦点
[2016-06-30 22:53:09]: CityWindow获取焦点
[2016-06-30 22:53:09]: 拉取城市数据信息成功!
[2016-06-30 22:53:09]: LineWindow窗口失去焦点
[2016-06-30 22:55:18]: 窗口关闭
[2016-06-30 22:56:33]: 窗口关闭
[2016-06-30 22:56:36]: 配置文件载入成功!
[2016-06-30 22:56:39]: 查询成功!
[2016-06-30 22:57:52]: 城市编辑窗口被打开
[2016-06-30 22:57:52]: CityWindow获取焦点
[2016-06-30 22:57:52]: 拉取城市数据信息成功!
[2016-06-30 22:57:56]: LineWindow窗口失去焦点
[2016-06-30 22:58:08]: CityWindow获取焦点
[2016-06-30 22:58:08]: 拉取城市数据信息成功!
[2016-06-30 22:58:09]: LineWindow窗口失去焦点
[2016-06-30 22:58:11]: 拉取线路数据成功
[2016-06-30 22:58:11]: LineWindow获取焦点
[2016-06-30 22:58:11]: 拉取线路数据成功
[2016-06-30 22:58:14]: LineWindow窗口失去焦点
[2016-06-30 22:58:16]: LineWindow获取焦点
[2016-06-30 22:58:16]: 拉取线路数据成功
[2016-06-30 22:58:18]: LineWindow窗口失去焦点
[2016-06-30 22:58:42]: 语言被修改为:中文-简体
[2016-06-30 22:58:44]: CityWindow获取焦点
[2016-06-30 22:58:44]: 拉取城市数据信息成功!
[2016-06-30 22:58:44]: LineWindow窗口失去焦点
[2016-06-30 22:58:45]: LineWindow获取焦点
[2016-06-30 22:58:45]: 拉取线路数据成功
[2016-06-30 22:58:46]: LineWindow窗口失去焦点
[2016-06-30 22:58:49]: 语言被修改为:English-US
[2016-06-30 22:58:52]: 窗口关闭
[2016-06-30 22:58:55]: 配置文件载入成功!
[2016-06-30 22:59:01]: 查询成功!
[2016-06-30 22:59:06]: 窗口关闭
[2016-06-30 22:59:13]: 配置文件载入成功!
[2016-06-30 22:59:16]: 查询成功!
[2016-06-30 22:59:21]: 城市编辑窗口被打开
[2016-06-30 22:59:21]: CityWindow获取焦点
[2016-06-30 22:59:21]: 拉取城市数据信息成功!
[2016-06-30 22:59:23]: LineWindow窗口失去焦点
[2016-06-30 22:59:24]: 拉取线路数据成功
[2016-06-30 22:59:24]: LineWindow获取焦点
[2016-06-30 22:59:24]: 拉取线路数据成功
[2016-06-30 22:59:26]: LineWindow窗口失去焦点
[2016-06-30 22:59:26]: CityWindow获取焦点
[2016-06-30 22:59:26]: 拉取城市数据信息成功!
[2016-06-30 22:59:26]: LineWindow窗口失去焦点
[2016-06-30 22:59:27]: LineWindow获取焦点
[2016-06-30 22:59:27]: 拉取线路数据成功
[2016-06-30 22:59:29]: LineWindow窗口失去焦点
[2016-06-30 22:59:30]: CityWindow获取焦点
[2016-06-30 22:59:30]: 拉取城市数据信息成功!
[2016-06-30 22:59:31]: LineWindow窗口失去焦点
[2016-06-30 23:00:23]: 窗口关闭
[2016-06-30 23:36:34]: 配置文件载入成功!
[2016-06-30 23:36:39]: 语言被修改为:中文-简体
[2016-06-30 23:36:59]: 城市编辑窗口被打开
[2016-06-30 23:36:59]: CityWindow获取焦点
[2016-06-30 23:36:59]: 拉取城市数据信息成功!
[2016-06-30 23:37:01]: LineWindow窗口失去焦点
[2016-06-30 23:40:56]: CityWindow获取焦点
[2016-06-30 23:40:56]: 拉取城市数据信息成功!
[2016-06-30 23:40:57]: LineWindow窗口失去焦点
[2016-06-30 23:43:51]: 拉取线路数据成功
[2016-06-30 23:43:51]: LineWindow获取焦点
[2016-06-30 23:43:51]: 拉取线路数据成功
[2016-06-30 23:43:52]: LineWindow窗口失去焦点
[2016-06-30 23:46:53]: LineWindow获取焦点
[2016-06-30 23:46:53]: 拉取线路数据成功
[2016-06-30 23:46:53]: LineWindow窗口失去焦点
[2016-06-30 23:46:54]: LineWindow获取焦点
[2016-06-30 23:46:54]: 拉取线路数据成功
[2016-06-30 23:46:54]: LineWindow窗口失去焦点
[2016-06-30 23:46:56]: LineWindow获取焦点
[2016-06-30 23:46:56]: 拉取线路数据成功
[2016-06-30 23:46:58]: LineWindow窗口失去焦点
[2016-06-30 23:52:14]: 查询成功!
[2016-06-30 23:52:59]: 窗口关闭
[2016-06-30 23:53:09]: 配置文件载入成功!
[2016-06-30 23:53:11]: 查询成功!
[2016-06-30 23:53:34]: 窗口关闭
[2016-06-30 23:53:38]: 配置文件载入成功!
[2016-06-30 23:53:41]: 查询成功!
[2016-06-30 23:54:12]: 查询成功!
[2016-06-30 23:54:14]: 查询成功!
[2016-06-30 23:54:19]: 窗口关闭
[2016-06-30 23:55:44]: 配置文件载入成功!
[2016-06-30 23:55:45]: 查询成功!
[2016-07-01 00:00:28]: 查询成功!
[2016-07-01 00:00:32]: 查询成功!
[2016-07-01 00:00:36]: 查询成功!
[2016-07-01 00:00:40]: 查询成功!
[2016-07-01 00:00:42]: 查询成功!
[2016-07-01 00:00:49]: 查询成功!
[2016-07-01 00:01:23]: 查询成功!
[2016-07-01 00:01:26]: 查询成功!
[2016-07-01 00:01:28]: 查询成功!
[2016-07-01 00:01:30]: 查询成功!
[2016-07-01 00:01:33]: 查询成功!
[2016-07-01 00:01:35]: 查询成功!
[2016-07-01 00:01:38]: 查询成功!
